C51 COMPILER V8.05a   KEYPORT                                                              05/04/2013 15:39:50 PAGE 1   


C51 COMPILER V8.05a, COMPILATION OF MODULE KEYPORT
OBJECT MODULE PLACED IN keyport.OBJ
COMPILER INVOKED BY: D:\Program Files\Keil\C51\BIN\C51.EXE keyport.c BROWSE DEBUG OBJECTEXTEND

line level    source

   1          /*-----------------------------------------------
   2            名称：独立按键检测
   3            论坛：www.doflye.net
   4            编写：shifang
   5            日期：2009.5
   6            修改：无
   7            内容：
   8          ------------------------------------------------*/
   9          #include <math.h>
  10          #include "keyport.h"
  11          #include "delay.h"
  12          #include "display.h"
  13          #include "i2c.h"
  14          
  15          #define KeyPort P3      //定义按键端口
  16          
  17          
  18          char tempH=100,tempL=1; 
  19          
  20          /*------------------------------------------------
  21          按键扫描函数，返回扫描键值
  22          ------------------------------------------------*/
  23          
  24          void dlim()
  25          {
  26   1         
  27   1         if(tempL<(-1e-20))
  28   1               {
  29   2               TempData[0]=0x40;
  30   2               }
  31   1               else
  32   1               {
  33   2               TempData[0]=0x00;
  34   2               }
  35   1       if(tempH<1e-20)
  36   1               {
  37   2               TempData[4]=0x40;
  38   2               }
  39   1               else
  40   1               {
  41   2               TempData[4]=dofly_DuanMa[abs(tempH)/100];
  42   2               }
  43   1       TempData[1]=dofly_DuanMa[abs(tempL)/10];
  44   1       TempData[2]=dofly_DuanMa[abs(tempL)%10];
  45   1       TempData[3]=dofly_DuanMa[11];
  46   1       TempData[5]=dofly_DuanMa[(abs(tempH)%100)/10];
  47   1       TempData[6]=dofly_DuanMa[(abs(tempH)%100)%10];
  48   1       TempData[7]=dofly_DuanMa[10];
  49   1       Init_Timer0();
  50   1       DelayMs(200);                    //延时防止采集频率过快
  51   1      }
  52          
  53          unsigned char KeyScan()
  54          {
  55   1       unsigned char keyvalue;
C51 COMPILER V8.05a   KEYPORT                                                              05/04/2013 15:39:50 PAGE 2   

  56   1       if(KeyPort!=0xff)
  57   1         {
  58   2          DelayMs(10);
  59   2          if(KeyPort!=0xff)
  60   2                 {
  61   3                  keyvalue=KeyPort;
  62   3                  
  63   3                      while(KeyPort!=0xff);
  64   3              
  65   3                      switch(keyvalue)
  66   3                      {
  67   4                       case 0xfe:return 1;break;
  68   4                       case 0xfd:return 2;break;
  69   4                       case 0xfb:return 3;break;
  70   4                       case 0xf7:return 4;break;
  71   4                       case 0xef:return 5;break;
  72   4                       case 0xdf:return 6;break;
  73   4                       case 0xbf:return 7;break;
  74   4                       case 0x7f:return 8;break;
  75   4                       default:return 0;break;
  76   4                      }
  77   3                }
  78   2         }
  79   1         return 0;
  80   1      }
  81          
  82          void keyport()
  83          {
  84   1       char num2;
  85   1       
  86   1       IRcvStr(0xae,4,&tempH,1); 
  87   1       IRcvStr(0xae,5,&tempL,1); 
  88   1      
  89   1       num2=KeyScan();
  90   1       if(5==num2)
  91   1             {
  92   2                  while(1)
  93   2                      {
  94   3                       char num3;
  95   3                       dlim();
  96   3                       num3=KeyScan();
  97   3                       switch(num3)
  98   3                       {
  99   4                      case 1:if(tempH<127)tempH++;ISendStr(0xae,4,&tempH,1);break;
 100   4                      case 2:if(tempH>-55)tempH--;ISendStr(0xae,4,&tempH,1);break;
 101   4                      case 3:if(tempL<127)tempL++;ISendStr(0xae,5,&tempL,1);break;
 102   4                      case 4:if(tempL>-55)tempL--;ISendStr(0xae,5,&tempL,1);break;
 103   4                      default:break; 
 104   4                       }
 105   3                        if(5==num3)
 106   3                        {
 107   4                        break;
 108   4                        }
 109   3                      }
 110   2                      
 111   2                 }      
 112   1       }


MODULE INFORMATION:   STATIC OVERLAYABLE
   CODE SIZE        =    501    ----
   CONSTANT SIZE    =   ----    ----
C51 COMPILER V8.05a   KEYPORT                                                              05/04/2013 15:39:50 PAGE 3   

   XDATA SIZE       =   ----    ----
   PDATA SIZE       =   ----    ----
   DATA SIZE        =      2       1
   IDATA SIZE       =   ----    ----
   BIT SIZE         =   ----    ----
END OF MODULE INFORMATION.


C51 COMPILATION COMPLETE.  0 WARNING(S),  0 ERROR(S)
